Aug-13 16:51:47.983 [main] DEBUG nextflow.cli.Launcher - $> nextflow run main.nf
Aug-13 16:51:48.055 [main] INFO  nextflow.cli.CmdRun - N E X T F L O W  ~  version 20.07.1
Aug-13 16:51:48.066 [main] INFO  nextflow.cli.CmdRun - Launching `main.nf` [cheesy_blackwell] - revision: 4b95c43b5a
Aug-13 16:51:48.208 [main] DEBUG nextflow.Session - Session uuid: c7db5724-7c37-40eb-86f7-0413eda5c33d
Aug-13 16:51:48.208 [main] DEBUG nextflow.Session - Run name: cheesy_blackwell
Aug-13 16:51:48.211 [main] DEBUG nextflow.Session - Executor pool size: 8
Aug-13 16:51:48.259 [main] DEBUG nextflow.cli.CmdRun - 
  Version: 20.07.1 build 5412
  Created: 24-07-2020 15:18 UTC 
  System: Linux 4.15.0-1057-aws
  Runtime: Groovy 2.5.11 on OpenJDK 64-Bit Server VM 11.0.8-internal+0-adhoc..src
  Encoding: UTF-8 (UTF-8)
  Process: 7738@ip-172-31-16-128 [172.31.16.128]
  CPUs: 8 - Mem: 62.1 GB (32.4 GB) - Swap: 0 (0)
Aug-13 16:51:48.284 [main] DEBUG nextflow.Session - Work-dir: /analysis/nextflow_test/work [ext2/ext3]
Aug-13 16:51:48.330 [main] DEBUG nextflow.Session - Observer factory: TowerFactory
Aug-13 16:51:48.332 [main] DEBUG nextflow.Session - Observer factory: DefaultObserverFactory
Aug-13 16:51:48.487 [main] DEBUG nextflow.Session - Session start invoked
Aug-13 16:51:48.865 [main] DEBUG nextflow.script.ScriptRunner - > Launching execution
Aug-13 16:51:48.884 [main] DEBUG nextflow.Session - Workflow process names [dsl1]: exampleRScript
Aug-13 16:51:48.921 [main] DEBUG nextflow.executor.ExecutorFactory - << taskConfig executor: null
Aug-13 16:51:48.921 [main] DEBUG nextflow.executor.ExecutorFactory - >> processorType: 'local'
Aug-13 16:51:48.925 [main] DEBUG nextflow.executor.Executor - [warm up] executor > local
Aug-13 16:51:48.930 [main] DEBUG n.processor.LocalPollingMonitor - Creating local task monitor for executor 'local' > cpus=8; memory=62.1 GB; capacity=8; pollInterval=100ms; dumpInterval=5m
Aug-13 16:51:49.063 [main] DEBUG nextflow.script.ScriptRunner - > Await termination 
Aug-13 16:51:49.063 [main] DEBUG nextflow.Session - Session await
Aug-13 16:51:49.202 [Task submitter] DEBUG nextflow.executor.LocalTaskHandler - Launch cmd line: /bin/bash -ue .command.run
Aug-13 16:51:49.210 [Task submitter] INFO  nextflow.Session - [65/dbfd17] Submitted process > exampleRScript
Aug-13 16:51:49.519 [Task monitor] DEBUG n.processor.TaskPollingMonitor - Task completed > TaskHandler[id: 1; name: exampleRScript; status: COMPLETED; exit: 0; error: -; workDir: /analysis/nextflow_test/work/65/dbfd176a49d056ddf94d2b805e0b1b]
Aug-13 16:51:49.529 [main] DEBUG nextflow.Session - Session await > all process finished
Aug-13 16:51:49.530 [main] DEBUG nextflow.Session - Session await > all barriers passed
Aug-13 16:51:49.541 [main] DEBUG nextflow.trace.WorkflowStatsObserver - Workflow completed > WorkflowStats[succeededCount=1; failedCount=0; ignoredCount=0; cachedCount=0; pendingCount=0; submittedCount=0; runningCount=0; retriesCount=0; abortedCount=0; succeedDuration=271ms; failedDuration=0ms; cachedDuration=0ms;loadCpus=0; loadMemory=0; peakRunning=1; peakCpus=1; peakMemory=0; ]
Aug-13 16:51:49.727 [main] DEBUG nextflow.CacheDB - Closing CacheDB done
Aug-13 16:51:49.764 [main] DEBUG nextflow.script.ScriptRunner - > Execution complete -- Goodbye
